INFO:root:Serial is open
INFO:root:b'serial write: ACCH? \n'
INFO:root:b'serial read: ACCH 2\n'
INFO:root:b'serial write: SELCH 2 \n'
INFO:root:b'serial write: SELCH? \n'
INFO:root:b'serial read: SELCH 2\n'
INFO:root:b'serial write: SWP 1 \n'
INFO:root:b'serial write: SWP? \n'
INFO:root:b'serial read: '
INFO:root:b'serial write: SWP? \n'
INFO:root:b'serial read: '
INFO:root:b'serial write: SWP? \n'
INFO:root:b'serial read: '
INFO:root:b'serial write: SWP? \n'
INFO:root:b'serial read: '
INFO:root:b'serial write: SWP? \n'
INFO:root:b'serial read: '
INFO:root:b'serial write: SWP? \n'
INFO:root:b'serial read: '
INFO:root:b'serial write: SWP? \n'
INFO:root:b'serial read: 0\n'
INFO:root:Sweep end
INFO:root:b'serial write: ACCH 1 \n'
INFO:root:b'serial write: ACTR 0 \n'
INFO:root:b'serial write: SAU \n'
INFO:root:b'serial write: ACTR 1 \n'
INFO:root:b'serial write: SAU \n'
INFO:root:b'serial write: ACCH 2 \n'
INFO:root:b'serial write: ACTR 0 \n'
INFO:root:b'serial write: SAU \n'
INFO:root:b'serial write: ACTR 1 \n'
INFO:root:b'serial write: SAU \n'
INFO:root:b'serial write: MEP? \n'
INFO:root:b'serial read: MEP 6\n'
INFO:root:b'serial write: SRW CH2 \n'
INFO:root:b'serial write: FQM? 0, 1001 \n'
INFO:root:b'serial write: XMA? 0, 1001 \n'
INFO:root:b'serial write: XMB? 0, 1001 \n'
INFO:root:b'serial write: LOG? \n'
INFO:root:b'serial read: LOG 1\n'
INFO:root:Serial is close
